Using pre-set license
Built from '2022.3/staging' branch; Version is '2022.3.27f1 (73effa14754f) revision 7598074'; Using compiler version '192829333'; Build Type 'Release'
OS: 'Windows 10  (10.0.19045) 64bit Professional' Language: 'ru' Physical Memory: 24505 MB
BatchMode: 1, IsHumanControllingUs: 0, StartBugReporterOnCrash: 0, Is64bit: 1, IsPro: 1

COMMAND LINE ARGUMENTS:
D:\EditorUnity\2022.3.27f1\Editor\Unity.exe
-adb2
-batchMode
-noUpm
-name
AssetImportWorker0
-projectPath
D:/Dev-Game-Together/Hobby
-logFile
Logs/AssetImportWorker0.log
-srvPort
61562
Successfully changed project path to: D:/Dev-Game-Together/Hobby
D:/Dev-Game-Together/Hobby
[UnityMemory] Configuration Parameters - Can be set up in boot.config
    "memorysetup-bucket-allocator-granularity=16"
    "memorysetup-bucket-allocator-bucket-count=8"
    "memorysetup-bucket-allocator-block-size=33554432"
    "memorysetup-bucket-allocator-block-count=8"
    "memorysetup-main-allocator-block-size=16777216"
    "memorysetup-thread-allocator-block-size=16777216"
    "memorysetup-gfx-main-allocator-block-size=16777216"
    "memorysetup-gfx-thread-allocator-block-size=16777216"
    "memorysetup-cache-allocator-block-size=4194304"
    "memorysetup-typetree-allocator-block-size=2097152"
    "memorysetup-profiler-bucket-allocator-granularity=16"
    "memorysetup-profiler-bucket-allocator-bucket-count=8"
    "memorysetup-profiler-bucket-allocator-block-size=33554432"
    "memorysetup-profiler-bucket-allocator-block-count=8"
    "memorysetup-profiler-allocator-block-size=16777216"
    "memorysetup-profiler-editor-allocator-block-size=1048576"
    "memorysetup-temp-allocator-size-main=16777216"
    "memorysetup-job-temp-allocator-block-size=2097152"
    "memorysetup-job-temp-allocator-block-size-background=1048576"
    "memorysetup-job-temp-allocator-reduction-small-platforms=262144"
    "memorysetup-allocator-temp-initial-block-size-main=262144"
    "memorysetup-allocator-temp-initial-block-size-worker=262144"
    "memorysetup-temp-allocator-size-background-worker=32768"
    "memorysetup-temp-allocator-size-job-worker=262144"
    "memorysetup-temp-allocator-size-preload-manager=33554432"
    "memorysetup-temp-allocator-size-nav-mesh-worker=65536"
    "memorysetup-temp-allocator-size-audio-worker=65536"
    "memorysetup-temp-allocator-size-cloud-worker=32768"
    "memorysetup-temp-allocator-size-gi-baking-worker=262144"
    "memorysetup-temp-allocator-size-gfx=262144"
Player connection [7184] Host "[IP] 192.168.0.103 [Port] 0 [Flags] 2 [Guid] 3052804709 [EditorId] 3052804709 [Version] 1048832 [Id] WindowsEditor(7,DESKTOP-DVQEQ32) [Debug] 1 [PackageName] WindowsEditor [ProjectName] Editor" joined multi-casting on [225.0.0.222:54997]...

Player connection [7184] Host "[IP] 192.168.0.103 [Port] 0 [Flags] 2 [Guid] 3052804709 [EditorId] 3052804709 [Version] 1048832 [Id] WindowsEditor(7,DESKTOP-DVQEQ32) [Debug] 1 [PackageName] WindowsEditor [ProjectName] Editor" joined alternative multi-casting on [225.0.0.222:34997]...

[Physics::Module] Initialized MultithreadedJobDispatcher with 15 workers.
Refreshing native plugins compatible for Editor in 23.31 ms, found 4 plugins.
Preloading 0 native plugins for Editor in 0.00 ms.
Initialize engine version: 2022.3.27f1 (73effa14754f)
[Subsystems] Discovering subsystems at path D:/EditorUnity/2022.3.27f1/Editor/Data/Resources/UnitySubsystems
[Subsystems] Discovering subsystems at path D:/Dev-Game-Together/Hobby/Assets
GfxDevice: creating device client; threaded=0; jobified=0
Direct3D:
    Version:  Direct3D 11.0 [level 11.1]
    Renderer: NVIDIA GeForce GTX 1060 3GB (ID=0x1c02)
    Vendor:   NVIDIA
    VRAM:     2978 MB
    Driver:   31.0.15.3623
Initialize mono
Mono path[0] = 'D:/EditorUnity/2022.3.27f1/Editor/Data/Managed'
Mono path[1] = 'D:/EditorUnity/2022.3.27f1/Editor/Data/MonoBleedingEdge/lib/mono/unityjit-win32'
Mono config path = 'D:/EditorUnity/2022.3.27f1/Editor/Data/MonoBleedingEdge/etc'
Using monoOptions --debugger-agent=transport=dt_socket,embedding=1,server=y,suspend=n,address=127.0.0.1:56976
Begin MonoManager ReloadAssembly
Registering precompiled unity dll's ...
Register platform support module: D:/EditorUnity/2022.3.27f1/Editor/Data/PlaybackEngines/AndroidPlayer/UnityEditor.Android.Extensions.dll
Register platform support module: D:/EditorUnity/2022.3.27f1/Editor/Data/PlaybackEngines/WindowsStandaloneSupport/UnityEditor.WindowsStandalone.Extensions.dll
Registered in 0.007560 seconds.
- Loaded All Assemblies, in  0.487 seconds
Native extension for WindowsStandalone target not found
Native extension for Android target not found
Android Extension - Scanning For ADB Devices 297 ms
Mono: successfully reloaded assembly
- Finished resetting the current domain, in  0.746 seconds
Domain Reload Profiling: 1233ms
	BeginReloadAssembly (161ms)
		ExecutionOrderSort (0ms)
		DisableScriptedObjects (0ms)
		BackupInstance (0ms)
		ReleaseScriptingObjects (0ms)
		CreateAndSetChildDomain (1ms)
	RebuildCommonClasses (47ms)
	RebuildNativeTypeToScriptingClass (14ms)
	initialDomainReloadingComplete (68ms)
	LoadAllAssembliesAndSetupDomain (196ms)
		LoadAssemblies (162ms)
		RebuildTransferFunctionScriptingTraits (0ms)
		AnalyzeDomain (192ms)
			TypeCache.Refresh (190ms)
				TypeCache.ScanAssembly (174ms)
			ScanForSourceGeneratedMonoScriptInfo (0ms)
			ResolveRequiredComponents (1ms)
	FinalizeReload (746ms)
		ReleaseScriptCaches (0ms)
		RebuildScriptCaches (0ms)
		SetupLoadedEditorAssemblies (674ms)
			LogAssemblyErrors (0ms)
			InitializePlatformSupportModulesInManaged (454ms)
			SetLoadedEditorAssemblies (4ms)
			RefreshPlugins (0ms)
			BeforeProcessingInitializeOnLoad (3ms)
			ProcessInitializeOnLoadAttributes (153ms)
			ProcessInitializeOnLoadMethodAttributes (59ms)
			AfterProcessingInitializeOnLoad (0ms)
			EditorAssembliesLoaded (0ms)
		ExecutionOrderSort2 (0ms)
		AwakeInstancesAfterBackupRestoration (0ms)
========================================================================
Worker process is ready to serve import requests
Begin MonoManager ReloadAssembly
Symbol file LoadedFromMemory is not a mono symbol file
- Loaded All Assemblies, in  0.847 seconds
Refreshing native plugins compatible for Editor in 11.56 ms, found 4 plugins.
Native extension for WindowsStandalone target not found
Native extension for Android target not found
Package Manager log level set to [2]
[Package Manager] Server::EnsureServerProcessIsRunning -- launch failed, reason: Unity was launched with the -noUpm command-line argument
[Package Manager] UpmClient::Send -- Unable to send message (not connected to UPM process).
[Package Manager] Cannot connect to Unity Package Manager local server
Mono: successfully reloaded assembly
[Package Manager] Server::EnsureServerProcessIsRunning -- launch failed, reason: Unity was launched with the -noUpm command-line argument
[Package Manager] UpmClient::Send -- Unable to send message (not connected to UPM process).
[Package Manager] Cannot connect to Unity Package Manager local server
[Package Manager] Server::EnsureServerProcessIsRunning -- launch failed, reason: Unity was launched with the -noUpm command-line argument
[Package Manager] UpmClient::Send -- Unable to send message (not connected to UPM process).
[Package Manager] Cannot connect to Unity Package Manager local server
- Finished resetting the current domain, in  0.844 seconds
Domain Reload Profiling: 1690ms
	BeginReloadAssembly (222ms)
		ExecutionOrderSort (0ms)
		DisableScriptedObjects (8ms)
		BackupInstance (0ms)
		ReleaseScriptingObjects (0ms)
		CreateAndSetChildDomain (26ms)
	RebuildCommonClasses (49ms)
	RebuildNativeTypeToScriptingClass (14ms)
	initialDomainReloadingComplete (53ms)
	LoadAllAssembliesAndSetupDomain (508ms)
		LoadAssemblies (412ms)
		RebuildTransferFunctionScriptingTraits (0ms)
		AnalyzeDomain (236ms)
			TypeCache.Refresh (199ms)
				TypeCache.ScanAssembly (175ms)
			ScanForSourceGeneratedMonoScriptInfo (28ms)
			ResolveRequiredComponents (8ms)
	FinalizeReload (844ms)
		ReleaseScriptCaches (0ms)
		RebuildScriptCaches (0ms)
		SetupLoadedEditorAssemblies (590ms)
			LogAssemblyErrors (0ms)
			InitializePlatformSupportModulesInManaged (31ms)
			SetLoadedEditorAssemblies (4ms)
			RefreshPlugins (0ms)
			BeforeProcessingInitializeOnLoad (87ms)
			ProcessInitializeOnLoadAttributes (435ms)
			ProcessInitializeOnLoadMethodAttributes (29ms)
			AfterProcessingInitializeOnLoad (3ms)
			EditorAssembliesLoaded (0ms)
		ExecutionOrderSort2 (0ms)
		AwakeInstancesAfterBackupRestoration (7ms)
Launched and connected shader compiler UnityShaderCompiler.exe after 0.05 seconds
Refreshing native plugins compatible for Editor in 11.59 ms, found 4 plugins.
Preloading 0 native plugins for Editor in 0.00 ms.
Unloading 3780 Unused Serialized files (Serialized files now loaded: 0)
Unloading 77 unused Assets / (2.0 MB). Loaded Objects now: 4210.
Memory consumption went from 161.4 MB to 159.4 MB.
Total: 4.728100 ms (FindLiveObjects: 0.385300 ms CreateObjectMapping: 0.111600 ms MarkObjects: 3.745000 ms  DeleteObjects: 0.484800 ms)

AssetImportParameters requested are different than current active one (requested -> active):
  custom:container-demuxer-ogg: 62fdf1f143b41e24485cea50d1cbac27 -> 
  custom:video-decoder-ogg-theora: a1e56fd34408186e4bbccfd4996cb3dc -> 
  custom:framework-win-MediaFoundation: 216162199b28c13a410421893ffa2e32 -> 
  custom:CustomObjectIndexerAttribute: 9a22284fe3817be447336de3de66b15e -> 
  custom:container-demuxer-webm: 4f35f7cbe854078d1ac9338744f61a02 -> 
  custom:container-muxer-webm: aa71ff27fc2769a1b78a27578f13a17b -> 
  custom:video-decoder-webm-vp8: 9c59270c3fd7afecdb556c50c9e8de78 -> 
  custom:SearchIndexIgnoredProperties: e643bd26f0fe6173181afceb89e7c659 -> 
  custom:AudioImporter_EditorPlatform: d09bf68614088b80899f8185d706f6e7 -> 
  custom:video-encoder-webm-vp8: eb34c28f22e8b96e1ab97ce403110664 -> 
  custom:audio-decoder-ogg-vorbis: bf7c407c2cedff20999df2af8eb42d56 -> 
  custom:audio-encoder-webm-vorbis: bf7c407c2cedff20999df2af8eb42d56 -> 
========================================================================
Received Import Request.
  Time since last request: 4169.018471 seconds.
  path: Assets/Scripts/Character/Combat.cs
  artifactKey: Guid(4c9a54cb47238774793661cee7e1d039) Importer(815301076,1909f56bfc062723c751e8b465ee728b)
Start importing Assets/Scripts/Character/Combat.cs using Guid(4c9a54cb47238774793661cee7e1d039) Importer(815301076,1909f56bfc062723c751e8b465ee728b)  -> (artifact id: '9ed276b248c0090e03c4f00a794e1185') in 0.003099 seconds
Number of updated asset objects reloaded before import = 0
Number of asset objects unloaded after import = 0
========================================================================
Received Prepare
Begin MonoManager ReloadAssembly
Symbol file LoadedFromMemory is not a mono symbol file
- Loaded All Assemblies, in  2.442 seconds
Refreshing native plugins compatible for Editor in 13.13 ms, found 4 plugins.
Native extension for WindowsStandalone target not found
Native extension for Android target not found
[Package Manager] Server::EnsureServerProcessIsRunning -- launch failed, reason: Unity was launched with the -noUpm command-line argument
[Package Manager] UpmClient::Send -- Unable to send message (not connected to UPM process).
[Package Manager] Cannot connect to Unity Package Manager local server
Mono: successfully reloaded assembly
[Package Manager] Server::EnsureServerProcessIsRunning -- launch failed, reason: Unity was launched with the -noUpm command-line argument
[Package Manager] UpmClient::Send -- Unable to send message (not connected to UPM process).
[Package Manager] Cannot connect to Unity Package Manager local server
- Finished resetting the current domain, in  1.521 seconds
Domain Reload Profiling: 3962ms
	BeginReloadAssembly (236ms)
		ExecutionOrderSort (0ms)
		DisableScriptedObjects (7ms)
		BackupInstance (0ms)
		ReleaseScriptingObjects (0ms)
		CreateAndSetChildDomain (50ms)
	RebuildCommonClasses (46ms)
	RebuildNativeTypeToScriptingClass (16ms)
	initialDomainReloadingComplete (36ms)
	LoadAllAssembliesAndSetupDomain (2106ms)
		LoadAssemblies (2234ms)
		RebuildTransferFunctionScriptingTraits (0ms)
		AnalyzeDomain (16ms)
			TypeCache.Refresh (6ms)
				TypeCache.ScanAssembly (0ms)
			ScanForSourceGeneratedMonoScriptInfo (0ms)
			ResolveRequiredComponents (8ms)
	FinalizeReload (1522ms)
		ReleaseScriptCaches (0ms)
		RebuildScriptCaches (0ms)
		SetupLoadedEditorAssemblies (644ms)
			LogAssemblyErrors (0ms)
			InitializePlatformSupportModulesInManaged (30ms)
			SetLoadedEditorAssemblies (4ms)
			RefreshPlugins (0ms)
			BeforeProcessingInitializeOnLoad (86ms)
			ProcessInitializeOnLoadAttributes (464ms)
			ProcessInitializeOnLoadMethodAttributes (52ms)
			AfterProcessingInitializeOnLoad (7ms)
			EditorAssembliesLoaded (1ms)
		ExecutionOrderSort2 (0ms)
		AwakeInstancesAfterBackupRestoration (13ms)
Refreshing native plugins compatible for Editor in 11.68 ms, found 4 plugins.
Preloading 0 native plugins for Editor in 0.00 ms.
Unloading 3729 Unused Serialized files (Serialized files now loaded: 0)
Unloading 69 unused Assets / (2.0 MB). Loaded Objects now: 4213.
Memory consumption went from 148.4 MB to 146.4 MB.
Total: 4.993900 ms (FindLiveObjects: 0.441500 ms CreateObjectMapping: 0.121600 ms MarkObjects: 3.810100 ms  DeleteObjects: 0.619700 ms)

Prepare: number of updated asset objects reloaded= 0
AssetImportParameters requested are different than current active one (requested -> active):
  custom:container-demuxer-ogg: 62fdf1f143b41e24485cea50d1cbac27 -> 
  custom:video-decoder-ogg-theora: a1e56fd34408186e4bbccfd4996cb3dc -> 
  custom:framework-win-MediaFoundation: 216162199b28c13a410421893ffa2e32 -> 
  custom:CustomObjectIndexerAttribute: 9a22284fe3817be447336de3de66b15e -> 
  custom:container-demuxer-webm: 4f35f7cbe854078d1ac9338744f61a02 -> 
  custom:container-muxer-webm: aa71ff27fc2769a1b78a27578f13a17b -> 
  custom:video-decoder-webm-vp8: 9c59270c3fd7afecdb556c50c9e8de78 -> 
  custom:SearchIndexIgnoredProperties: e643bd26f0fe6173181afceb89e7c659 -> 
  custom:AudioImporter_EditorPlatform: d09bf68614088b80899f8185d706f6e7 -> 
  custom:video-encoder-webm-vp8: eb34c28f22e8b96e1ab97ce403110664 -> 
  custom:audio-decoder-ogg-vorbis: bf7c407c2cedff20999df2af8eb42d56 -> 
  custom:audio-encoder-webm-vorbis: bf7c407c2cedff20999df2af8eb42d56 -> 
========================================================================
Received Prepare
Begin MonoManager ReloadAssembly
Symbol file LoadedFromMemory is not a mono symbol file
- Loaded All Assemblies, in  0.605 seconds
Refreshing native plugins compatible for Editor in 12.72 ms, found 4 plugins.
Native extension for WindowsStandalone target not found
Native extension for Android target not found
[Package Manager] Server::EnsureServerProcessIsRunning -- launch failed, reason: Unity was launched with the -noUpm command-line argument
[Package Manager] UpmClient::Send -- Unable to send message (not connected to UPM process).
[Package Manager] Cannot connect to Unity Package Manager local server
Mono: successfully reloaded assembly
[Package Manager] Server::EnsureServerProcessIsRunning -- launch failed, reason: Unity was launched with the -noUpm command-line argument
[Package Manager] UpmClient::Send -- Unable to send message (not connected to UPM process).
[Package Manager] Cannot connect to Unity Package Manager local server
- Finished resetting the current domain, in  1.337 seconds
Domain Reload Profiling: 1941ms
	BeginReloadAssembly (228ms)
		ExecutionOrderSort (0ms)
		DisableScriptedObjects (8ms)
		BackupInstance (0ms)
		ReleaseScriptingObjects (0ms)
		CreateAndSetChildDomain (42ms)
	RebuildCommonClasses (46ms)
	RebuildNativeTypeToScriptingClass (15ms)
	initialDomainReloadingComplete (34ms)
	LoadAllAssembliesAndSetupDomain (281ms)
		LoadAssemblies (407ms)
		RebuildTransferFunctionScriptingTraits (0ms)
		AnalyzeDomain (16ms)
			TypeCache.Refresh (7ms)
				TypeCache.ScanAssembly (0ms)
			ScanForSourceGeneratedMonoScriptInfo (0ms)
			ResolveRequiredComponents (8ms)
	FinalizeReload (1338ms)
		ReleaseScriptCaches (0ms)
		RebuildScriptCaches (0ms)
		SetupLoadedEditorAssemblies (566ms)
			LogAssemblyErrors (0ms)
			InitializePlatformSupportModulesInManaged (34ms)
			SetLoadedEditorAssemblies (6ms)
			RefreshPlugins (0ms)
			BeforeProcessingInitializeOnLoad (92ms)
			ProcessInitializeOnLoadAttributes (400ms)
			ProcessInitializeOnLoadMethodAttributes (31ms)
			AfterProcessingInitializeOnLoad (4ms)
			EditorAssembliesLoaded (0ms)
		ExecutionOrderSort2 (0ms)
		AwakeInstancesAfterBackupRestoration (8ms)
Refreshing native plugins compatible for Editor in 13.83 ms, found 4 plugins.
Preloading 0 native plugins for Editor in 0.00 ms.
Unloading 3730 Unused Serialized files (Serialized files now loaded: 0)
Unloading 69 unused Assets / (2.0 MB). Loaded Objects now: 4216.
Memory consumption went from 148.7 MB to 146.7 MB.
Total: 5.869600 ms (FindLiveObjects: 0.459900 ms CreateObjectMapping: 0.125400 ms MarkObjects: 4.579500 ms  DeleteObjects: 0.703400 ms)

Prepare: number of updated asset objects reloaded= 0
AssetImportParameters requested are different than current active one (requested -> active):
  custom:container-demuxer-ogg: 62fdf1f143b41e24485cea50d1cbac27 -> 
  custom:video-decoder-ogg-theora: a1e56fd34408186e4bbccfd4996cb3dc -> 
  custom:framework-win-MediaFoundation: 216162199b28c13a410421893ffa2e32 -> 
  custom:CustomObjectIndexerAttribute: 9a22284fe3817be447336de3de66b15e -> 
  custom:container-demuxer-webm: 4f35f7cbe854078d1ac9338744f61a02 -> 
  custom:container-muxer-webm: aa71ff27fc2769a1b78a27578f13a17b -> 
  custom:video-decoder-webm-vp8: 9c59270c3fd7afecdb556c50c9e8de78 -> 
  custom:SearchIndexIgnoredProperties: e643bd26f0fe6173181afceb89e7c659 -> 
  custom:AudioImporter_EditorPlatform: d09bf68614088b80899f8185d706f6e7 -> 
  custom:video-encoder-webm-vp8: eb34c28f22e8b96e1ab97ce403110664 -> 
  custom:audio-decoder-ogg-vorbis: bf7c407c2cedff20999df2af8eb42d56 -> 
  custom:audio-encoder-webm-vorbis: bf7c407c2cedff20999df2af8eb42d56 -> 
========================================================================
Received Prepare
Refreshing native plugins compatible for Editor in 12.27 ms, found 4 plugins.
Preloading 0 native plugins for Editor in 0.00 ms.
Unloading 13 Unused Serialized files (Serialized files now loaded: 0)
Unloading 13 unused Assets / (2.0 MB). Loaded Objects now: 4216.
Memory consumption went from 91.5 MB to 89.5 MB.
Total: 4.377400 ms (FindLiveObjects: 0.365900 ms CreateObjectMapping: 0.131900 ms MarkObjects: 3.305000 ms  DeleteObjects: 0.573400 ms)

Prepare: number of updated asset objects reloaded= 0
AssetImportParameters requested are different than current active one (requested -> active):
  custom:container-demuxer-ogg: 62fdf1f143b41e24485cea50d1cbac27 -> 
  custom:video-decoder-ogg-theora: a1e56fd34408186e4bbccfd4996cb3dc -> 
  custom:framework-win-MediaFoundation: 216162199b28c13a410421893ffa2e32 -> 
  custom:CustomObjectIndexerAttribute: 9a22284fe3817be447336de3de66b15e -> 
  custom:container-demuxer-webm: 4f35f7cbe854078d1ac9338744f61a02 -> 
  custom:container-muxer-webm: aa71ff27fc2769a1b78a27578f13a17b -> 
  custom:video-decoder-webm-vp8: 9c59270c3fd7afecdb556c50c9e8de78 -> 
  custom:SearchIndexIgnoredProperties: e643bd26f0fe6173181afceb89e7c659 -> 
  custom:AudioImporter_EditorPlatform: d09bf68614088b80899f8185d706f6e7 -> 
  custom:video-encoder-webm-vp8: eb34c28f22e8b96e1ab97ce403110664 -> 
  custom:audio-decoder-ogg-vorbis: bf7c407c2cedff20999df2af8eb42d56 -> 
  custom:audio-encoder-webm-vorbis: bf7c407c2cedff20999df2af8eb42d56 -> 
========================================================================
Received Import Request.
  Time since last request: 6616.488005 seconds.
  path: Assets/Enemys/uploads_files_4558133_Skellytonfighter.fbx
  artifactKey: Guid(bccbb9cfb8beb6e499a37700e75ee24c) Importer(815301076,1909f56bfc062723c751e8b465ee728b)
Start importing Assets/Enemys/uploads_files_4558133_Skellytonfighter.fbx using Guid(bccbb9cfb8beb6e499a37700e75ee24c) Importer(815301076,1909f56bfc062723c751e8b465ee728b)  -> (artifact id: '20eeb9ad3d17c804053583fb3c6a04df') in 0.686010 seconds
Number of updated asset objects reloaded before import = 0
Number of asset objects unloaded after import = 187
========================================================================
Received Prepare
Begin MonoManager ReloadAssembly
Symbol file LoadedFromMemory is not a mono symbol file
- Loaded All Assemblies, in  1.317 seconds
Refreshing native plugins compatible for Editor in 13.51 ms, found 4 plugins.
Native extension for WindowsStandalone target not found
Native extension for Android target not found
[Package Manager] Server::EnsureServerProcessIsRunning -- launch failed, reason: Unity was launched with the -noUpm command-line argument
[Package Manager] UpmClient::Send -- Unable to send message (not connected to UPM process).
[Package Manager] Cannot connect to Unity Package Manager local server
Mono: successfully reloaded assembly
[Package Manager] Server::EnsureServerProcessIsRunning -- launch failed, reason: Unity was launched with the -noUpm command-line argument
[Package Manager] UpmClient::Send -- Unable to send message (not connected to UPM process).
[Package Manager] Cannot connect to Unity Package Manager local server
- Finished resetting the current domain, in  2.062 seconds
Domain Reload Profiling: 3378ms
	BeginReloadAssembly (361ms)
		ExecutionOrderSort (0ms)
		DisableScriptedObjects (9ms)
		BackupInstance (0ms)
		ReleaseScriptingObjects (0ms)
		CreateAndSetChildDomain (99ms)
	RebuildCommonClasses (78ms)
	RebuildNativeTypeToScriptingClass (26ms)
	initialDomainReloadingComplete (69ms)
	LoadAllAssembliesAndSetupDomain (780ms)
		LoadAssemblies (970ms)
		RebuildTransferFunctionScriptingTraits (0ms)
		AnalyzeDomain (24ms)
			TypeCache.Refresh (12ms)
				TypeCache.ScanAssembly (0ms)
			ScanForSourceGeneratedMonoScriptInfo (0ms)
			ResolveRequiredComponents (10ms)
	FinalizeReload (2063ms)
		ReleaseScriptCaches (0ms)
		RebuildScriptCaches (0ms)
		SetupLoadedEditorAssemblies (821ms)
			LogAssemblyErrors (0ms)
			InitializePlatformSupportModulesInManaged (32ms)
			SetLoadedEditorAssemblies (4ms)
			RefreshPlugins (0ms)
			BeforeProcessingInitializeOnLoad (121ms)
			ProcessInitializeOnLoadAttributes (598ms)
			ProcessInitializeOnLoadMethodAttributes (57ms)
			AfterProcessingInitializeOnLoad (8ms)
			EditorAssembliesLoaded (1ms)
		ExecutionOrderSort2 (0ms)
		AwakeInstancesAfterBackupRestoration (15ms)
Refreshing native plugins compatible for Editor in 16.76 ms, found 4 plugins.
Preloading 0 native plugins for Editor in 0.00 ms.
Unloading 3729 Unused Serialized files (Serialized files now loaded: 0)
Unloading 69 unused Assets / (2.0 MB). Loaded Objects now: 4230.
Memory consumption went from 150.4 MB to 148.4 MB.
Total: 5.999500 ms (FindLiveObjects: 0.510500 ms CreateObjectMapping: 0.157100 ms MarkObjects: 4.641000 ms  DeleteObjects: 0.689000 ms)

Prepare: number of updated asset objects reloaded= 0
AssetImportParameters requested are different than current active one (requested -> active):
  custom:container-demuxer-ogg: 62fdf1f143b41e24485cea50d1cbac27 -> 
  custom:video-decoder-ogg-theora: a1e56fd34408186e4bbccfd4996cb3dc -> 
  custom:framework-win-MediaFoundation: 216162199b28c13a410421893ffa2e32 -> 
  custom:CustomObjectIndexerAttribute: 9a22284fe3817be447336de3de66b15e -> 
  custom:container-demuxer-webm: 4f35f7cbe854078d1ac9338744f61a02 -> 
  custom:container-muxer-webm: aa71ff27fc2769a1b78a27578f13a17b -> 
  custom:video-decoder-webm-vp8: 9c59270c3fd7afecdb556c50c9e8de78 -> 
  custom:SearchIndexIgnoredProperties: e643bd26f0fe6173181afceb89e7c659 -> 
  custom:AudioImporter_EditorPlatform: d09bf68614088b80899f8185d706f6e7 -> 
  custom:video-encoder-webm-vp8: eb34c28f22e8b96e1ab97ce403110664 -> 
  custom:audio-decoder-ogg-vorbis: bf7c407c2cedff20999df2af8eb42d56 -> 
  custom:audio-encoder-webm-vorbis: bf7c407c2cedff20999df2af8eb42d56 -> 
========================================================================
Received Import Request.
  Time since last request: 1148.743860 seconds.
  path: Assets/Controllers/Enemy/Enemy_1.controller
  artifactKey: Guid(4186baa9dbd9e2840bebf16998fa9f5c) Importer(815301076,1909f56bfc062723c751e8b465ee728b)
Start importing Assets/Controllers/Enemy/Enemy_1.controller using Guid(4186baa9dbd9e2840bebf16998fa9f5c) Importer(815301076,1909f56bfc062723c751e8b465ee728b)  -> (artifact id: 'd70b193464d29d6035bcf7fb63434b97') in 0.020568 seconds
Number of updated asset objects reloaded before import = 0
Number of asset objects unloaded after import = 18
========================================================================
Received Import Request.
  Time since last request: 248.293349 seconds.
  path: Assets/PlayerPrefab/GameObject.prefab
  artifactKey: Guid(7aa709aadb2f9104d8609626465b0435) Importer(815301076,1909f56bfc062723c751e8b465ee728b)
Start importing Assets/PlayerPrefab/GameObject.prefab using Guid(7aa709aadb2f9104d8609626465b0435) Importer(815301076,1909f56bfc062723c751e8b465ee728b)  -> (artifact id: 'eab8bb612acb91e9a04e0dcd632170dd') in 0.319419 seconds
Number of updated asset objects reloaded before import = 0
Number of asset objects unloaded after import = 280
========================================================================
Received Import Request.
  Time since last request: 1234.657011 seconds.
  path: Assets/Test
  artifactKey: Guid(aab9d15c8e308ca46b4fbb28dea5155d) Importer(815301076,1909f56bfc062723c751e8b465ee728b)
Start importing Assets/Test using Guid(aab9d15c8e308ca46b4fbb28dea5155d) Importer(815301076,1909f56bfc062723c751e8b465ee728b)  -> (artifact id: 'bd47ef1795a5c315e9cad8b2905465a5') in 0.001061 seconds
Number of updated asset objects reloaded before import = 0
Number of asset objects unloaded after import = 0
========================================================================
Received Import Request.
  Time since last request: 12.743224 seconds.
  path: Assets/Test/Ch10_nonPBR.fbx
  artifactKey: Guid(4c909c46a01926340bbd4d223c9f1628) Importer(815301076,1909f56bfc062723c751e8b465ee728b)
Start importing Assets/Test/Ch10_nonPBR.fbx using Guid(4c909c46a01926340bbd4d223c9f1628) Importer(815301076,1909f56bfc062723c751e8b465ee728b)  -> (artifact id: 'f3cef5a2aa0956f423983cfc19417008') in 0.004118 seconds
Number of updated asset objects reloaded before import = 0
Number of asset objects unloaded after import = 4
========================================================================
Received Import Request.
  Time since last request: 32.484219 seconds.
  path: Assets/Test/Zombie Punching.fbx
  artifactKey: Guid(9e6eba6d4a0d4954ca5b0dbb55fe24f9) Importer(815301076,1909f56bfc062723c751e8b465ee728b)
Start importing Assets/Test/Zombie Punching.fbx using Guid(9e6eba6d4a0d4954ca5b0dbb55fe24f9) Importer(815301076,1909f56bfc062723c751e8b465ee728b)  -> (artifact id: '481076a00b9624a1c01848d4305bcfb2') in 0.006764 seconds
Number of updated asset objects reloaded before import = 0
Number of asset objects unloaded after import = 135
========================================================================
Received Import Request.
  Time since last request: 12.214957 seconds.
  path: Assets/Test/Zombie Punching.fbx
  artifactKey: Guid(9e6eba6d4a0d4954ca5b0dbb55fe24f9) Importer(815301076,1909f56bfc062723c751e8b465ee728b)
Start importing Assets/Test/Zombie Punching.fbx using Guid(9e6eba6d4a0d4954ca5b0dbb55fe24f9) Importer(815301076,1909f56bfc062723c751e8b465ee728b)  -> (artifact id: 'ba189bdcb25405c272333d1125e69b01') in 0.005081 seconds
Number of updated asset objects reloaded before import = 0
Number of asset objects unloaded after import = 135
========================================================================
Received Import Request.
  Time since last request: 2.939104 seconds.
  path: Assets/Test/Zombie Punching.fbx
  artifactKey: Guid(9e6eba6d4a0d4954ca5b0dbb55fe24f9) Importer(815301076,1909f56bfc062723c751e8b465ee728b)
Start importing Assets/Test/Zombie Punching.fbx using Guid(9e6eba6d4a0d4954ca5b0dbb55fe24f9) Importer(815301076,1909f56bfc062723c751e8b465ee728b)  -> (artifact id: 'ac2091a5dd7cf198737f28333b820a41') in 0.005424 seconds
Number of updated asset objects reloaded before import = 0
Number of asset objects unloaded after import = 135
========================================================================
Received Import Request.
  Time since last request: 4.115371 seconds.
  path: Assets/Test/Zombie Punching.fbx
  artifactKey: Guid(9e6eba6d4a0d4954ca5b0dbb55fe24f9) Importer(815301076,1909f56bfc062723c751e8b465ee728b)
Start importing Assets/Test/Zombie Punching.fbx using Guid(9e6eba6d4a0d4954ca5b0dbb55fe24f9) Importer(815301076,1909f56bfc062723c751e8b465ee728b)  -> (artifact id: '19ad1576b88517b31015977a10d67cdb') in 0.006365 seconds
Number of updated asset objects reloaded before import = 0
Number of asset objects unloaded after import = 135
========================================================================
Received Import Request.
  Time since last request: 78.511560 seconds.
  path: Assets/Test/Ch10_nonPBR.fbx
  artifactKey: Guid(4c909c46a01926340bbd4d223c9f1628) Importer(815301076,1909f56bfc062723c751e8b465ee728b)
Start importing Assets/Test/Ch10_nonPBR.fbx using Guid(4c909c46a01926340bbd4d223c9f1628) Importer(815301076,1909f56bfc062723c751e8b465ee728b)  -> (artifact id: '7221e62434b330d4f006c82902d89b11') in 0.100611 seconds
Number of updated asset objects reloaded before import = 0
Number of asset objects unloaded after import = 141
========================================================================
Received Import Request.
  Time since last request: 7.755135 seconds.
  path: Assets/Test/Ch10_nonPBR.fbx
  artifactKey: Guid(4c909c46a01926340bbd4d223c9f1628) Importer(815301076,1909f56bfc062723c751e8b465ee728b)
Start importing Assets/Test/Ch10_nonPBR.fbx using Guid(4c909c46a01926340bbd4d223c9f1628) Importer(815301076,1909f56bfc062723c751e8b465ee728b)  -> (artifact id: 'd72e24e6c78bb53d91e08683ad782f40') in 0.044507 seconds
Number of updated asset objects reloaded before import = 0
Number of asset objects unloaded after import = 143
========================================================================
Received Import Request.
  Time since last request: 15.273589 seconds.
  path: Assets/Test/Zombie Punching.fbx
  artifactKey: Guid(9e6eba6d4a0d4954ca5b0dbb55fe24f9) Importer(815301076,1909f56bfc062723c751e8b465ee728b)
Start importing Assets/Test/Zombie Punching.fbx using Guid(9e6eba6d4a0d4954ca5b0dbb55fe24f9) Importer(815301076,1909f56bfc062723c751e8b465ee728b)  -> (artifact id: '11881ce686ab3a1917f82defc663a210') in 0.004919 seconds
Number of updated asset objects reloaded before import = 0
Number of asset objects unloaded after import = 134
========================================================================
Received Import Request.
  Time since last request: 121.369460 seconds.
  path: Assets/Test/Ch10_nonPBR.fbx
  artifactKey: Guid(4c909c46a01926340bbd4d223c9f1628) Importer(815301076,1909f56bfc062723c751e8b465ee728b)
Start importing Assets/Test/Ch10_nonPBR.fbx using Guid(4c909c46a01926340bbd4d223c9f1628) Importer(815301076,1909f56bfc062723c751e8b465ee728b)  -> (artifact id: '83845f6a6a85d5c909671efb6b4e037d') in 0.046768 seconds
Number of updated asset objects reloaded before import = 0
Number of asset objects unloaded after import = 143
========================================================================
Received Import Request.
  Time since last request: 8.075194 seconds.
  path: Assets/Test/Zombie Punching.fbx
  artifactKey: Guid(9e6eba6d4a0d4954ca5b0dbb55fe24f9) Importer(815301076,1909f56bfc062723c751e8b465ee728b)
Start importing Assets/Test/Zombie Punching.fbx using Guid(9e6eba6d4a0d4954ca5b0dbb55fe24f9) Importer(815301076,1909f56bfc062723c751e8b465ee728b)  -> (artifact id: 'dcea7d45544005238a8e31ecf948db3e') in 0.005443 seconds
Number of updated asset objects reloaded before import = 0
Number of asset objects unloaded after import = 135
========================================================================
Received Import Request.
  Time since last request: 3.896781 seconds.
  path: Assets/Test/Zombie Punching.fbx
  artifactKey: Guid(9e6eba6d4a0d4954ca5b0dbb55fe24f9) Importer(815301076,1909f56bfc062723c751e8b465ee728b)
Start importing Assets/Test/Zombie Punching.fbx using Guid(9e6eba6d4a0d4954ca5b0dbb55fe24f9) Importer(815301076,1909f56bfc062723c751e8b465ee728b)  -> (artifact id: '4bcedfb3517ea6cf51faa4984d095dd7') in 0.004277 seconds
Number of updated asset objects reloaded before import = 0
Number of asset objects unloaded after import = 134
========================================================================
Received Import Request.
  Time since last request: 303.483899 seconds.
  path: Assets/Test/Ch10_nonPBR.fbx
  artifactKey: Guid(4c909c46a01926340bbd4d223c9f1628) Importer(815301076,1909f56bfc062723c751e8b465ee728b)
Start importing Assets/Test/Ch10_nonPBR.fbx using Guid(4c909c46a01926340bbd4d223c9f1628) Importer(815301076,1909f56bfc062723c751e8b465ee728b)  -> (artifact id: 'fbe2ae2704db5eccc30ff4615745c1b1') in 0.053831 seconds
Number of updated asset objects reloaded before import = 0
Number of asset objects unloaded after import = 143
========================================================================
Received Import Request.
  Time since last request: 12.987359 seconds.
  path: Assets/Test/Zombie Punching.fbx
  artifactKey: Guid(9e6eba6d4a0d4954ca5b0dbb55fe24f9) Importer(815301076,1909f56bfc062723c751e8b465ee728b)
Start importing Assets/Test/Zombie Punching.fbx using Guid(9e6eba6d4a0d4954ca5b0dbb55fe24f9) Importer(815301076,1909f56bfc062723c751e8b465ee728b)  -> (artifact id: 'c1215e0a373292829b8826eb0408eade') in 0.005992 seconds
Number of updated asset objects reloaded before import = 0
Number of asset objects unloaded after import = 135
========================================================================
Received Import Request.
  Time since last request: 2.836074 seconds.
  path: Assets/Test/Zombie Punching.fbx
  artifactKey: Guid(9e6eba6d4a0d4954ca5b0dbb55fe24f9) Importer(815301076,1909f56bfc062723c751e8b465ee728b)
Start importing Assets/Test/Zombie Punching.fbx using Guid(9e6eba6d4a0d4954ca5b0dbb55fe24f9) Importer(815301076,1909f56bfc062723c751e8b465ee728b)  -> (artifact id: '034c2508be04e9002f7a1c58bb59cee6') in 0.004556 seconds
Number of updated asset objects reloaded before import = 0
Number of asset objects unloaded after import = 134
========================================================================
Received Import Request.
  Time since last request: 46.615092 seconds.
  path: Assets/Test/Parasite L Starkie.fbx
  artifactKey: Guid(5d872ffd9463ed941b9b00e4a9688047) Importer(815301076,1909f56bfc062723c751e8b465ee728b)
Start importing Assets/Test/Parasite L Starkie.fbx using Guid(5d872ffd9463ed941b9b00e4a9688047) Importer(815301076,1909f56bfc062723c751e8b465ee728b)  -> (artifact id: '6f1acddb65bb406681ada729e082883f') in 0.040087 seconds
Number of updated asset objects reloaded before import = 0
Number of asset objects unloaded after import = 149
========================================================================
Received Import Request.
  Time since last request: 11.459338 seconds.
  path: Assets/Test/Parasite L Starkie.fbx
  artifactKey: Guid(5d872ffd9463ed941b9b00e4a9688047) Importer(815301076,1909f56bfc062723c751e8b465ee728b)
Start importing Assets/Test/Parasite L Starkie.fbx using Guid(5d872ffd9463ed941b9b00e4a9688047) Importer(815301076,1909f56bfc062723c751e8b465ee728b)  -> (artifact id: '7d798ab3a64df7a470b21653923747c4') in 0.038651 seconds
Number of updated asset objects reloaded before import = 0
Number of asset objects unloaded after import = 151
========================================================================
Received Import Request.
  Time since last request: 11.487127 seconds.
  path: Assets/Test/Zombie Punching.fbx
  artifactKey: Guid(9e6eba6d4a0d4954ca5b0dbb55fe24f9) Importer(815301076,1909f56bfc062723c751e8b465ee728b)
Start importing Assets/Test/Zombie Punching.fbx using Guid(9e6eba6d4a0d4954ca5b0dbb55fe24f9) Importer(815301076,1909f56bfc062723c751e8b465ee728b)  -> (artifact id: '882c0b7a793750d27c477b9d6164f5ba') in 0.004581 seconds
Number of updated asset objects reloaded before import = 0
Number of asset objects unloaded after import = 134
========================================================================
Received Import Request.
  Time since last request: 14.926130 seconds.
  path: Assets/Test/Zombie Punching.fbx
  artifactKey: Guid(9e6eba6d4a0d4954ca5b0dbb55fe24f9) Importer(815301076,1909f56bfc062723c751e8b465ee728b)
Start importing Assets/Test/Zombie Punching.fbx using Guid(9e6eba6d4a0d4954ca5b0dbb55fe24f9) Importer(815301076,1909f56bfc062723c751e8b465ee728b)  -> (artifact id: '49121722b652c66f560add954569336f') in 0.004764 seconds
Number of updated asset objects reloaded before import = 0
Number of asset objects unloaded after import = 134
========================================================================
Received Import Request.
  Time since last request: 13.491775 seconds.
  path: Assets/Test/Zombie Punching.fbx
  artifactKey: Guid(9e6eba6d4a0d4954ca5b0dbb55fe24f9) Importer(815301076,1909f56bfc062723c751e8b465ee728b)
Start importing Assets/Test/Zombie Punching.fbx using Guid(9e6eba6d4a0d4954ca5b0dbb55fe24f9) Importer(815301076,1909f56bfc062723c751e8b465ee728b)  -> (artifact id: 'ab640f7edbdbc4af681b628e91cc1a5e') in 0.004033 seconds
Number of updated asset objects reloaded before import = 0
Number of asset objects unloaded after import = 134
========================================================================
Received Import Request.
  Time since last request: 12.941563 seconds.
  path: Assets/EnemyPrefs/Enemy.prefab
  artifactKey: Guid(50fd5d52d61a31e4784f36e930e71925) Importer(815301076,1909f56bfc062723c751e8b465ee728b)
Start importing Assets/EnemyPrefs/Enemy.prefab using Guid(50fd5d52d61a31e4784f36e930e71925) Importer(815301076,1909f56bfc062723c751e8b465ee728b)  -> (artifact id: '7fd033fba9acade25bb2846306f423c8') in 0.633024 seconds
Number of updated asset objects reloaded before import = 0
Number of asset objects unloaded after import = 225
========================================================================
Received Import Request.
  Time since last request: 44.459748 seconds.
  path: Assets/Test/Parasite L Starkie.fbx
  artifactKey: Guid(5d872ffd9463ed941b9b00e4a9688047) Importer(815301076,1909f56bfc062723c751e8b465ee728b)
Start importing Assets/Test/Parasite L Starkie.fbx using Guid(5d872ffd9463ed941b9b00e4a9688047) Importer(815301076,1909f56bfc062723c751e8b465ee728b)  -> (artifact id: '544d205e607b6cdd0647074a09fb3d9f') in 0.036560 seconds
Number of updated asset objects reloaded before import = 0
Number of asset objects unloaded after import = 13
========================================================================
Received Import Request.
  Time since last request: 5.171373 seconds.
  path: Assets/Test/Zombie Punching.fbx
  artifactKey: Guid(9e6eba6d4a0d4954ca5b0dbb55fe24f9) Importer(815301076,1909f56bfc062723c751e8b465ee728b)
Start importing Assets/Test/Zombie Punching.fbx using Guid(9e6eba6d4a0d4954ca5b0dbb55fe24f9) Importer(815301076,1909f56bfc062723c751e8b465ee728b)  -> (artifact id: '572529be25c61168481e48211cfc8020') in 0.005417 seconds
Number of updated asset objects reloaded before import = 0
Number of asset objects unloaded after import = 135
========================================================================
Received Import Request.
  Time since last request: 2.801134 seconds.
  path: Assets/Test/Zombie Punching.fbx
  artifactKey: Guid(9e6eba6d4a0d4954ca5b0dbb55fe24f9) Importer(815301076,1909f56bfc062723c751e8b465ee728b)
Start importing Assets/Test/Zombie Punching.fbx using Guid(9e6eba6d4a0d4954ca5b0dbb55fe24f9) Importer(815301076,1909f56bfc062723c751e8b465ee728b)  -> (artifact id: '24c6fc989da3367874ac6f279aec9363') in 0.003848 seconds
Number of updated asset objects reloaded before import = 0
Number of asset objects unloaded after import = 134
========================================================================
Received Import Request.
  Time since last request: 22.371303 seconds.
  path: Assets/Test/Ch10_nonPBR(1).fbx
  artifactKey: Guid(5c03d3426a052de4e9b0ad9e1275d9ab) Importer(815301076,1909f56bfc062723c751e8b465ee728b)
Start importing Assets/Test/Ch10_nonPBR(1).fbx using Guid(5c03d3426a052de4e9b0ad9e1275d9ab) Importer(815301076,1909f56bfc062723c751e8b465ee728b)  -> (artifact id: '77cb176b1c5eec9e8fc595c5fdcb582a') in 0.050674 seconds
Number of updated asset objects reloaded before import = 0
Number of asset objects unloaded after import = 141
========================================================================
Received Import Request.
  Time since last request: 41.375526 seconds.
  path: Assets/Test/Ch10_nonPBR(1).fbx
  artifactKey: Guid(5c03d3426a052de4e9b0ad9e1275d9ab) Importer(815301076,1909f56bfc062723c751e8b465ee728b)
Start importing Assets/Test/Ch10_nonPBR(1).fbx using Guid(5c03d3426a052de4e9b0ad9e1275d9ab) Importer(815301076,1909f56bfc062723c751e8b465ee728b)  -> (artifact id: '8c8af9532b0ad6190f185f0d97b5ab2b') in 0.046688 seconds
Number of updated asset objects reloaded before import = 0
Number of asset objects unloaded after import = 13
========================================================================
Received Import Request.
  Time since last request: 9.621121 seconds.
  path: Assets/Test/Zombie Punching.fbx
  artifactKey: Guid(9e6eba6d4a0d4954ca5b0dbb55fe24f9) Importer(815301076,1909f56bfc062723c751e8b465ee728b)
Start importing Assets/Test/Zombie Punching.fbx using Guid(9e6eba6d4a0d4954ca5b0dbb55fe24f9) Importer(815301076,1909f56bfc062723c751e8b465ee728b)  -> (artifact id: '5a7fa7d319b070642efcb57b1e759a84') in 0.005332 seconds
Number of updated asset objects reloaded before import = 0
Number of asset objects unloaded after import = 134
========================================================================
Received Import Request.
  Time since last request: 173.315662 seconds.
  path: Assets/Test/Test.fbx
  artifactKey: Guid(c8c1a1226e4bfdd4384f5523369ac72e) Importer(815301076,1909f56bfc062723c751e8b465ee728b)
Start importing Assets/Test/Test.fbx using Guid(c8c1a1226e4bfdd4384f5523369ac72e) Importer(815301076,1909f56bfc062723c751e8b465ee728b)  -> (artifact id: '3a45b492d5f7084cc1327b03fd5cf365') in 0.040919 seconds
Number of updated asset objects reloaded before import = 0
Number of asset objects unloaded after import = 169
========================================================================
Received Import Request.
  Time since last request: 5.330832 seconds.
  path: Assets/Test/Test.fbx
  artifactKey: Guid(c8c1a1226e4bfdd4384f5523369ac72e) Importer(815301076,1909f56bfc062723c751e8b465ee728b)
Start importing Assets/Test/Test.fbx using Guid(c8c1a1226e4bfdd4384f5523369ac72e) Importer(815301076,1909f56bfc062723c751e8b465ee728b)  -> (artifact id: 'a8eec0aa13906af08c1acadf8bb77487') in 0.057454 seconds
Number of updated asset objects reloaded before import = 0
Number of asset objects unloaded after import = 171
========================================================================
Received Import Request.
  Time since last request: 2.594051 seconds.
  path: Assets/Test/Test.fbx
  artifactKey: Guid(c8c1a1226e4bfdd4384f5523369ac72e) Importer(815301076,1909f56bfc062723c751e8b465ee728b)
Start importing Assets/Test/Test.fbx using Guid(c8c1a1226e4bfdd4384f5523369ac72e) Importer(815301076,1909f56bfc062723c751e8b465ee728b)  -> (artifact id: '4b0c1a64a2d28c451f9b1d2b1c0a71d6') in 0.036222 seconds
Number of updated asset objects reloaded before import = 0
Number of asset objects unloaded after import = 13
========================================================================
Received Import Request.
  Time since last request: 6.668026 seconds.
  path: Assets/Test/Zombie Punching.fbx
  artifactKey: Guid(9e6eba6d4a0d4954ca5b0dbb55fe24f9) Importer(815301076,1909f56bfc062723c751e8b465ee728b)
Start importing Assets/Test/Zombie Punching.fbx using Guid(9e6eba6d4a0d4954ca5b0dbb55fe24f9) Importer(815301076,1909f56bfc062723c751e8b465ee728b)  -> (artifact id: '592aefd7683f32f35460fb720e9972c2') in 0.005046 seconds
Number of updated asset objects reloaded before import = 0
Number of asset objects unloaded after import = 134
========================================================================
Received Import Request.
  Time since last request: 38.998056 seconds.
  path: Assets/Test/Paladin J Nordstrom.fbx
  artifactKey: Guid(5058308bd49ab6a4bb3c2703d61ee6e8) Importer(815301076,1909f56bfc062723c751e8b465ee728b)
Start importing Assets/Test/Paladin J Nordstrom.fbx using Guid(5058308bd49ab6a4bb3c2703d61ee6e8) Importer(815301076,1909f56bfc062723c751e8b465ee728b)  -> (artifact id: '8128d109d62b822d6a0b093d8d1bea3e') in 0.043640 seconds
Number of updated asset objects reloaded before import = 0
Number of asset objects unloaded after import = 148
========================================================================
Received Import Request.
  Time since last request: 6.062488 seconds.
  path: Assets/Test/Paladin J Nordstrom.fbx
  artifactKey: Guid(5058308bd49ab6a4bb3c2703d61ee6e8) Importer(815301076,1909f56bfc062723c751e8b465ee728b)
Start importing Assets/Test/Paladin J Nordstrom.fbx using Guid(5058308bd49ab6a4bb3c2703d61ee6e8) Importer(815301076,1909f56bfc062723c751e8b465ee728b)  -> (artifact id: '0fea751521946eb9bd6db97b726e7a0c') in 0.045613 seconds
Number of updated asset objects reloaded before import = 0
Number of asset objects unloaded after import = 150
========================================================================
Received Import Request.
  Time since last request: 1.396800 seconds.
  path: Assets/Test/Paladin J Nordstrom.fbx
  artifactKey: Guid(5058308bd49ab6a4bb3c2703d61ee6e8) Importer(815301076,1909f56bfc062723c751e8b465ee728b)
Start importing Assets/Test/Paladin J Nordstrom.fbx using Guid(5058308bd49ab6a4bb3c2703d61ee6e8) Importer(815301076,1909f56bfc062723c751e8b465ee728b)  -> (artifact id: '51ed8383ca811788b3d7d0a3c0a20e97') in 0.040672 seconds
Number of updated asset objects reloaded before import = 0
Number of asset objects unloaded after import = 16
========================================================================
Received Import Request.
  Time since last request: 543.369378 seconds.
  path: Assets/Test/Arissa.fbx
  artifactKey: Guid(08fa948403619f24fbdb6089a815e993) Importer(815301076,1909f56bfc062723c751e8b465ee728b)
Start importing Assets/Test/Arissa.fbx using Guid(08fa948403619f24fbdb6089a815e993) Importer(815301076,1909f56bfc062723c751e8b465ee728b)  -> (artifact id: '2fe01789463f890fe5f715efa1a9d4e0') in 0.053748 seconds
Number of updated asset objects reloaded before import = 0
Number of asset objects unloaded after import = 170
========================================================================
Received Import Request.
  Time since last request: 108.844109 seconds.
  path: Assets/Test/Arissa.fbx
  artifactKey: Guid(08fa948403619f24fbdb6089a815e993) Importer(815301076,1909f56bfc062723c751e8b465ee728b)
Start importing Assets/Test/Arissa.fbx using Guid(08fa948403619f24fbdb6089a815e993) Importer(815301076,1909f56bfc062723c751e8b465ee728b)  -> (artifact id: '2d1ff36c8e1eaf24773a91a071c390a7') in 0.057631 seconds
Number of updated asset objects reloaded before import = 0
Number of asset objects unloaded after import = 24
========================================================================
Received Import Request.
  Time since last request: 9.367054 seconds.
  path: Assets/Test/Zombie Punching.fbx
  artifactKey: Guid(9e6eba6d4a0d4954ca5b0dbb55fe24f9) Importer(815301076,1909f56bfc062723c751e8b465ee728b)
Start importing Assets/Test/Zombie Punching.fbx using Guid(9e6eba6d4a0d4954ca5b0dbb55fe24f9) Importer(815301076,1909f56bfc062723c751e8b465ee728b)  -> (artifact id: '0a252426040cc0d77c0ee98d1e5f7808') in 0.004433 seconds
Number of updated asset objects reloaded before import = 0
Number of asset objects unloaded after import = 134
